<?xml version="1.0" encoding="UTF-8"?>
<!-- Generated by org.testng.reporters.JUnitReportReporter -->
<testsuite hostname="Sehribans-MBP-2" failures="0" tests="1" name="com.testings.tests.InvalidRegionTest" time="0.550" errors="0" timestamp="2020-02-23T13:42:45 GMT" skipped="0">
  <testcase classname="com.testings.tests.InvalidRegionTest" name="invalidRegion" time="0.550"/>
  <system-out/>
</testsuite> <!-- com.testings.tests.InvalidRegionTest -->
