<?xml version="1.0" encoding="UTF-8"?>
<!-- Generated by org.testng.reporters.JUnitReportReporter -->
<testsuite hostname="Sehribans-MBP-2" failures="0" tests="1" name="com.testings.tests.ThreeParamsTest" time="0.559" errors="0" timestamp="2020-02-23T13:42:45 GMT" skipped="0">
  <testcase classname="com.testings.tests.ThreeParamsTest" name="threeParams" time="0.559"/>
  <system-out/>
</testsuite> <!-- com.testings.tests.ThreeParamsTest -->
